#! /usr/local/iverilog/bin/vvp
:ivl_version "11.0 (devel)";
:ivl_delay_selection "TYPICAL";
:vpi_time_precision - 9;
:vpi_module "C:\iverilog\lib\ivl\system.vpi";
:vpi_module "C:\iverilog\lib\ivl\vhdl_sys.vpi";
:vpi_module "C:\iverilog\lib\ivl\vhdl_textio.vpi";
:vpi_module "C:\iverilog\lib\ivl\v2005_math.vpi";
:vpi_module "C:\iverilog\lib\ivl\va_math.vpi";
S_00000000011459a0 .scope module, "decoder1to2_tb" "decoder1to2_tb" 2 3;
 .timescale -9 -9;
v00000000010fbab0_0 .var "A", 0 0;
v00000000010fbb50_0 .net "D", 1 0, L_00000000010fbbf0;  1 drivers
S_0000000001145b30 .scope module, "UUT" "decoder1to2" 2 7, 3 4 0, S_00000000011459a0;
 .timescale -9 -9;
    .port_info 0 /INPUT 1 "A";
    .port_info 1 /OUTPUT 2 "D";
L_00000000010fed00 .functor NOT 1, v00000000010fbab0_0, C4<0>, C4<0>, C4<0>;
L_0000000001113bc0 .functor BUFZ 1, v00000000010fbab0_0, C4<0>, C4<0>, C4<0>;
v0000000001145cc0_0 .net "A", 0 0, v00000000010fbab0_0;  1 drivers
v0000000001113800_0 .net "D", 1 0, L_00000000010fbbf0;  alias, 1 drivers
v0000000001145d60_0 .net *"_ivl_2", 0 0, L_00000000010fed00;  1 drivers
v00000000010fba10_0 .net *"_ivl_8", 0 0, L_0000000001113bc0;  1 drivers
L_00000000010fbbf0 .concat8 [ 1 1 0 0], L_00000000010fed00, L_0000000001113bc0;
    .scope S_00000000011459a0;
T_0 ;
    %vpi_call 2 9 "$dumpfile", "decoder1to2_tb.vcd" {0 0 0};
    %vpi_call 2 10 "$dumpvars", 32'sb00000000000000000000000000000000, S_00000000011459a0 {0 0 0};
    %pushi/vec4 0, 0, 1;
    %store/vec4 v00000000010fbab0_0, 0, 1;
    %delay 20, 0;
    %pushi/vec4 1, 0, 1;
    %store/vec4 v00000000010fbab0_0, 0, 1;
    %delay 20, 0;
    %vpi_call 2 13 "$display", "Test completed" {0 0 0};
    %end;
    .thread T_0;
# The file index is used to find the file name in the following table.
:file_names 4;
    "N/A";
    "<interactive>";
    "decoder1to2_tb.v";
    "./decoder.v";
