#! /usr/local/iverilog/bin/vvp
:ivl_version "11.0 (devel)";
:ivl_delay_selection "TYPICAL";
:vpi_time_precision + 0;
:vpi_module "C:\iverilog\lib\ivl\system.vpi";
:vpi_module "C:\iverilog\lib\ivl\vhdl_sys.vpi";
:vpi_module "C:\iverilog\lib\ivl\vhdl_textio.vpi";
:vpi_module "C:\iverilog\lib\ivl\v2005_math.vpi";
:vpi_module "C:\iverilog\lib\ivl\va_math.vpi";
S_00000000008d34b0 .scope module, "decoder" "decoder" 2 4;
 .timescale 0 0;
    .port_info 0 /INPUT 1 "A";
    .port_info 1 /OUTPUT 2 "D";
o0000000000906f58 .functor BUFZ 1, C4<z>; HiZ drive
L_00000000008d3b40 .functor NOT 1, o0000000000906f58, C4<0>, C4<0>, C4<0>;
L_0000000000904a40 .functor BUFZ 1, o0000000000906f58, C4<0>, C4<0>, C4<0>;
v00000000008d3640_0 .net "A", 0 0, o0000000000906f58;  0 drivers
v00000000008d36e0_0 .net "D", 1 0, L_00000000008bd4e0;  1 drivers
v00000000008d3780_0 .net *"_ivl_2", 0 0, L_00000000008d3b40;  1 drivers
v00000000008bd440_0 .net *"_ivl_8", 0 0, L_0000000000904a40;  1 drivers
L_00000000008bd4e0 .concat8 [ 1 1 0 0], L_00000000008d3b40, L_0000000000904a40;
# The file index is used to find the file name in the following table.
:file_names 3;
    "N/A";
    "<interactive>";
    "decoder.v";
