#! /usr/local/iverilog/bin/vvp
:ivl_version "11.0 (devel)";
:ivl_delay_selection "TYPICAL";
:vpi_time_precision - 9;
:vpi_module "C:\iverilog\lib\ivl\system.vpi";
:vpi_module "C:\iverilog\lib\ivl\vhdl_sys.vpi";
:vpi_module "C:\iverilog\lib\ivl\vhdl_textio.vpi";
:vpi_module "C:\iverilog\lib\ivl\v2005_math.vpi";
:vpi_module "C:\iverilog\lib\ivl\va_math.vpi";
S_000000000103b060 .scope module, "decoder2to4_tb" "decoder2to4_tb" 2 3;
 .timescale -9 -9;
v0000000000fbb3e0_0 .var "A", 1 0;
v0000000000fbada0_0 .net "D", 3 0, L_0000000000fbb160;  1 drivers
S_000000000103e380 .scope module, "UUT" "decoder2to4" 2 6, 3 4 0, S_000000000103b060;
 .timescale -9 -9;
    .port_info 0 /INPUT 2 "A";
    .port_info 1 /OUTPUT 4 "D";
L_0000000000f637e0 .functor AND 1, L_0000000000fbb020, L_0000000000fbba20, C4<1>, C4<1>;
L_0000000000f638c0 .functor AND 1, L_0000000000fbb480, L_0000000000fbb7a0, C4<1>, C4<1>;
L_0000000000f63930 .functor AND 1, L_0000000000fbac60, L_0000000000fbc6a0, C4<1>, C4<1>;
L_0000000000f63230 .functor AND 1, L_0000000000fbbd40, L_0000000000fbb520, C4<1>, C4<1>;
v0000000000f56b50_0 .net "A", 1 0, v0000000000fbb3e0_0;  1 drivers
v0000000000f568d0_0 .net "D", 3 0, L_0000000000fbb160;  alias, 1 drivers
v0000000000f56bf0_0 .net "W", 3 0, L_0000000000fbb2a0;  1 drivers
v0000000000f56c90_0 .net *"_ivl_12", 0 0, L_0000000000fbb020;  1 drivers
v0000000000f56510_0 .net *"_ivl_14", 0 0, L_0000000000fbba20;  1 drivers
v0000000000f56830_0 .net *"_ivl_15", 0 0, L_0000000000f637e0;  1 drivers
v0000000000f560b0_0 .net *"_ivl_20", 0 0, L_0000000000fbb480;  1 drivers
v0000000000f56150_0 .net *"_ivl_22", 0 0, L_0000000000fbb7a0;  1 drivers
v0000000000f56970_0 .net *"_ivl_23", 0 0, L_0000000000f638c0;  1 drivers
v0000000000f56ab0_0 .net *"_ivl_28", 0 0, L_0000000000fbac60;  1 drivers
v0000000000fbbc00_0 .net *"_ivl_30", 0 0, L_0000000000fbc6a0;  1 drivers
v0000000000fbaa80_0 .net *"_ivl_31", 0 0, L_0000000000f63930;  1 drivers
v0000000000fbbfc0_0 .net *"_ivl_37", 0 0, L_0000000000fbbd40;  1 drivers
v0000000000fbbe80_0 .net *"_ivl_39", 0 0, L_0000000000fbb520;  1 drivers
v0000000000fbbde0_0 .net *"_ivl_40", 0 0, L_0000000000f63230;  1 drivers
L_0000000000fbc060 .part v0000000000fbb3e0_0, 0, 1;
L_0000000000fbb8e0 .part v0000000000fbb3e0_0, 1, 1;
L_0000000000fbb2a0 .concat8 [ 2 2 0 0], L_0000000000fbb980, L_0000000000fbc420;
L_0000000000fbb020 .part L_0000000000fbb2a0, 3, 1;
L_0000000000fbba20 .part L_0000000000fbb2a0, 1, 1;
L_0000000000fbb480 .part L_0000000000fbb2a0, 2, 1;
L_0000000000fbb7a0 .part L_0000000000fbb2a0, 1, 1;
L_0000000000fbac60 .part L_0000000000fbb2a0, 3, 1;
L_0000000000fbc6a0 .part L_0000000000fbb2a0, 0, 1;
L_0000000000fbb160 .concat8 [ 1 1 1 1], L_0000000000f637e0, L_0000000000f638c0, L_0000000000f63930, L_0000000000f63230;
L_0000000000fbbd40 .part L_0000000000fbb2a0, 2, 1;
L_0000000000fbb520 .part L_0000000000fbb2a0, 0, 1;
S_000000000103e510 .scope module, "U0" "decoder1to2" 3 8, 3 15 0, S_000000000103e380;
 .timescale -9 -9;
    .port_info 0 /INPUT 1 "A";
    .port_info 1 /OUTPUT 2 "D";
L_0000000000f634d0 .functor NOT 1, L_0000000000fbc060, C4<0>, C4<0>, C4<0>;
L_0000000000f63540 .functor BUFZ 1, L_0000000000fbc060, C4<0>, C4<0>, C4<0>;
v0000000000f563d0_0 .net "A", 0 0, L_0000000000fbc060;  1 drivers
v0000000000f55f70_0 .net "D", 1 0, L_0000000000fbc420;  1 drivers
v0000000000f55d90_0 .net *"_ivl_2", 0 0, L_0000000000f634d0;  1 drivers
v0000000000f56650_0 .net *"_ivl_8", 0 0, L_0000000000f63540;  1 drivers
L_0000000000fbc420 .concat8 [ 1 1 0 0], L_0000000000f634d0, L_0000000000f63540;
S_000000000103e6a0 .scope module, "U1" "decoder1to2" 3 9, 3 15 0, S_000000000103e380;
 .timescale -9 -9;
    .port_info 0 /INPUT 1 "A";
    .port_info 1 /OUTPUT 2 "D";
L_0000000000f63770 .functor NOT 1, L_0000000000fbb8e0, C4<0>, C4<0>, C4<0>;
L_0000000000f63850 .functor BUFZ 1, L_0000000000fbb8e0, C4<0>, C4<0>, C4<0>;
v0000000000f55e30_0 .net "A", 0 0, L_0000000000fbb8e0;  1 drivers
v0000000000f565b0_0 .net "D", 1 0, L_0000000000fbb980;  1 drivers
v0000000000f56a10_0 .net *"_ivl_2", 0 0, L_0000000000f63770;  1 drivers
v0000000000f56010_0 .net *"_ivl_8", 0 0, L_0000000000f63850;  1 drivers
L_0000000000fbb980 .concat8 [ 1 1 0 0], L_0000000000f63770, L_0000000000f63850;
    .scope S_000000000103b060;
T_0 ;
    %vpi_call 2 8 "$dumpfile", "ultima.vcd" {0 0 0};
    %vpi_call 2 9 "$dumpvars", 32'sb00000000000000000000000000000000, S_000000000103b060 {0 0 0};
    %pushi/vec4 0, 0, 2;
    %store/vec4 v0000000000fbb3e0_0, 0, 2;
    %delay 20, 0;
    %pushi/vec4 0, 0, 2;
    %store/vec4 v0000000000fbb3e0_0, 0, 2;
    %delay 20, 0;
    %pushi/vec4 0, 0, 2;
    %store/vec4 v0000000000fbb3e0_0, 0, 2;
    %delay 20, 0;
    %pushi/vec4 0, 0, 2;
    %store/vec4 v0000000000fbb3e0_0, 0, 2;
    %delay 20, 0;
    %pushi/vec4 1, 0, 2;
    %store/vec4 v0000000000fbb3e0_0, 0, 2;
    %delay 20, 0;
    %pushi/vec4 2, 0, 2;
    %store/vec4 v0000000000fbb3e0_0, 0, 2;
    %delay 20, 0;
    %pushi/vec4 3, 0, 2;
    %store/vec4 v0000000000fbb3e0_0, 0, 2;
    %delay 20, 0;
    %vpi_call 2 17 "$display", "done" {0 0 0};
    %end;
    .thread T_0;
# The file index is used to find the file name in the following table.
:file_names 4;
    "N/A";
    "<interactive>";
    "decoder2to4_tb.v";
    "./decoder.v";
